Welcome to pg_cirrus - Hassle-free PostgreSQL Cluster Setup


🔁 Loaded configuration from saved_config.json
{
    "vault_password_file": "vault",
    "cluster_subnet": "0.0.0.0/0",
    "primary_ip": "172.31.45.126",
    "standby_ips": [
        "172.31.44.12",
        "172.31.40.191"
    ],
    "pgpool_ip": "172.31.35.243"
} 

Traceback (most recent call last):
  File "/home/postgres/pg_cirrus/3-node-cluster/deploy.py", line 365, in <module>
    main()
  File "/home/postgres/pg_cirrus/3-node-cluster/deploy.py", line 346, in main
    PG_VERSION = GET_POSTGRESQL_VERSION()
                 ^^^^^^^^^^^^^^^^^^^^^^^^
  File "/home/postgres/pg_cirrus/3-node-cluster/deploy.py", line 143, in GET_POSTGRESQL_VERSION
    LATEST_VERSION = GET_LATEST_POSTGRESQL_MAJOR_VERSION()
                     ^^^^^^^^^^^^^^^^^^^^^^^^^^^^^^^^^^^^^
  File "/home/postgres/pg_cirrus/3-node-cluster/deploy.py", line 122, in GET_LATEST_POSTGRESQL_MAJOR_VERSION
    EXECUTE_PGDG_PLAYBOOK()
  File "/home/postgres/pg_cirrus/3-node-cluster/deploy.py", line 49, in EXECUTE_PGDG_PLAYBOOK
    subprocess.run(['ansible-playbook', 'ansible/playbooks/setup-pgdg-repo.yml'], stdout=sys.stdout, stderr=sys.stderr)
  File "/usr/lib/python3.12/subprocess.py", line 548, in run
    with Popen(*popenargs, **kwargs) as process:
         ^^^^^^^^^^^^^^^^^^^^^^^^^^^
  File "/usr/lib/python3.12/subprocess.py", line 992, in __init__
    errread, errwrite) = self._get_handles(stdin, stdout, stderr)
                         ^^^^^^^^^^^^^^^^^^^^^^^^^^^^^^^^^^^^^^^^
  File "/usr/lib/python3.12/subprocess.py", line 1725, in _get_handles
    c2pwrite = stdout.fileno()
               ^^^^^^^^^^^^^
AttributeError: 'Logger' object has no attribute 'fileno'
